running egg_info
writing ../../build/stereo_camera_pkg/stereo_camera_pkg.egg-info/PKG-INFO
writing dependency_links to ../../build/stereo_camera_pkg/stereo_camera_pkg.egg-info/dependency_links.txt
writing entry points to ../../build/stereo_camera_pkg/stereo_camera_pkg.egg-info/entry_points.txt
writing requirements to ../../build/stereo_camera_pkg/stereo_camera_pkg.egg-info/requires.txt
writing top-level names to ../../build/stereo_camera_pkg/stereo_camera_pkg.egg-info/top_level.txt
reading manifest file '../../build/stereo_camera_pkg/stereo_camera_pkg.egg-info/SOURCES.txt'
writing manifest file '../../build/stereo_camera_pkg/stereo_camera_pkg.egg-info/SOURCES.txt'
running build
running build_py
copying stereo_camera_pkg/stereo_splitter.py -> /home/atharv/Desktop/depth_camera/stereo_ws/build/stereo_camera_pkg/build/lib/stereo_camera_pkg
running install
running install_lib
copying /home/atharv/Desktop/depth_camera/stereo_ws/build/stereo_camera_pkg/build/lib/stereo_camera_pkg/stereo_splitter.py -> /home/atharv/Desktop/depth_camera/stereo_ws/install/stereo_camera_pkg/lib/python3.12/site-packages/stereo_camera_pkg
byte-compiling /home/atharv/Desktop/depth_camera/stereo_ws/install/stereo_camera_pkg/lib/python3.12/site-packages/stereo_camera_pkg/stereo_splitter.py to stereo_splitter.cpython-312.pyc
running install_data
running install_egg_info
removing '/home/atharv/Desktop/depth_camera/stereo_ws/install/stereo_camera_pkg/lib/python3.12/site-packages/stereo_camera_pkg-0.0.0-py3.12.egg-info' (and everything under it)
Copying ../../build/stereo_camera_pkg/stereo_camera_pkg.egg-info to /home/atharv/Desktop/depth_camera/stereo_ws/install/stereo_camera_pkg/lib/python3.12/site-packages/stereo_camera_pkg-0.0.0-py3.12.egg-info
running install_scripts
Installing stereo_splitter script to /home/atharv/Desktop/depth_camera/stereo_ws/install/stereo_camera_pkg/lib/stereo_camera_pkg
writing list of installed files to '/home/atharv/Desktop/depth_camera/stereo_ws/build/stereo_camera_pkg/install.log'
