running egg_info
creating ../../build/stereo_camera_pkg/stereo_camera_pkg.egg-info
writing ../../build/stereo_camera_pkg/stereo_camera_pkg.egg-info/PKG-INFO
writing dependency_links to ../../build/stereo_camera_pkg/stereo_camera_pkg.egg-info/dependency_links.txt
writing entry points to ../../build/stereo_camera_pkg/stereo_camera_pkg.egg-info/entry_points.txt
writing requirements to ../../build/stereo_camera_pkg/stereo_camera_pkg.egg-info/requires.txt
writing top-level names to ../../build/stereo_camera_pkg/stereo_camera_pkg.egg-info/top_level.txt
writing manifest file '../../build/stereo_camera_pkg/stereo_camera_pkg.egg-info/SOURCES.txt'
reading manifest file '../../build/stereo_camera_pkg/stereo_camera_pkg.egg-info/SOURCES.txt'
writing manifest file '../../build/stereo_camera_pkg/stereo_camera_pkg.egg-info/SOURCES.txt'
running build
running build_py
creating /home/atharv/Desktop/depth_camera/stereo_ws/build/stereo_camera_pkg/build
creating /home/atharv/Desktop/depth_camera/stereo_ws/build/stereo_camera_pkg/build/lib
creating /home/atharv/Desktop/depth_camera/stereo_ws/build/stereo_camera_pkg/build/lib/stereo_camera_pkg
copying stereo_camera_pkg/stereo_splitter.py -> /home/atharv/Desktop/depth_camera/stereo_ws/build/stereo_camera_pkg/build/lib/stereo_camera_pkg
copying stereo_camera_pkg/__init__.py -> /home/atharv/Desktop/depth_camera/stereo_ws/build/stereo_camera_pkg/build/lib/stereo_camera_pkg
running install
running install_lib
creating /home/atharv/Desktop/depth_camera/stereo_ws/install/stereo_camera_pkg/lib/python3.12/site-packages/stereo_camera_pkg
copying /home/atharv/Desktop/depth_camera/stereo_ws/build/stereo_camera_pkg/build/lib/stereo_camera_pkg/stereo_splitter.py -> /home/atharv/Desktop/depth_camera/stereo_ws/install/stereo_camera_pkg/lib/python3.12/site-packages/stereo_camera_pkg
copying /home/atharv/Desktop/depth_camera/stereo_ws/build/stereo_camera_pkg/build/lib/stereo_camera_pkg/__init__.py -> /home/atharv/Desktop/depth_camera/stereo_ws/install/stereo_camera_pkg/lib/python3.12/site-packages/stereo_camera_pkg
byte-compiling /home/atharv/Desktop/depth_camera/stereo_ws/install/stereo_camera_pkg/lib/python3.12/site-packages/stereo_camera_pkg/stereo_splitter.py to stereo_splitter.cpython-312.pyc
byte-compiling /home/atharv/Desktop/depth_camera/stereo_ws/install/stereo_camera_pkg/lib/python3.12/site-packages/stereo_camera_pkg/__init__.py to __init__.cpython-312.pyc
running install_data
creating /home/atharv/Desktop/depth_camera/stereo_ws/install/stereo_camera_pkg/share/ament_index
creating /home/atharv/Desktop/depth_camera/stereo_ws/install/stereo_camera_pkg/share/ament_index/resource_index
creating /home/atharv/Desktop/depth_camera/stereo_ws/install/stereo_camera_pkg/share/ament_index/resource_index/packages
copying resource/stereo_camera_pkg -> /home/atharv/Desktop/depth_camera/stereo_ws/install/stereo_camera_pkg/share/ament_index/resource_index/packages
copying package.xml -> /home/atharv/Desktop/depth_camera/stereo_ws/install/stereo_camera_pkg/share/stereo_camera_pkg
running install_egg_info
Copying ../../build/stereo_camera_pkg/stereo_camera_pkg.egg-info to /home/atharv/Desktop/depth_camera/stereo_ws/install/stereo_camera_pkg/lib/python3.12/site-packages/stereo_camera_pkg-0.0.0-py3.12.egg-info
running install_scripts
Installing stereo_splitter script to /home/atharv/Desktop/depth_camera/stereo_ws/install/stereo_camera_pkg/lib/stereo_camera_pkg
writing list of installed files to '/home/atharv/Desktop/depth_camera/stereo_ws/build/stereo_camera_pkg/install.log'
