running egg_info
writing ../../build/stereo_camera_pkg/stereo_camera_pkg.egg-info/PKG-INFO
writing dependency_links to ../../build/stereo_camera_pkg/stereo_camera_pkg.egg-info/dependency_links.txt
writing entry points to ../../build/stereo_camera_pkg/stereo_camera_pkg.egg-info/entry_points.txt
writing requirements to ../../build/stereo_camera_pkg/stereo_camera_pkg.egg-info/requires.txt
writing top-level names to ../../build/stereo_camera_pkg/stereo_camera_pkg.egg-info/top_level.txt
reading manifest file '../../build/stereo_camera_pkg/stereo_camera_pkg.egg-info/SOURCES.txt'
writing manifest file '../../build/stereo_camera_pkg/stereo_camera_pkg.egg-info/SOURCES.txt'
running build
running build_py
running install
running install_lib
running install_data
creating /home/atharv/Desktop/depth_camera/stereo_ws/install/stereo_camera_pkg/share/stereo_camera_pkg/launch
copying launch/stereo_depth.launch.py -> /home/atharv/Desktop/depth_camera/stereo_ws/install/stereo_camera_pkg/share/stereo_camera_pkg/launch
creating /home/atharv/Desktop/depth_camera/stereo_ws/install/stereo_camera_pkg/share/stereo_camera_pkg/config
copying config/usb_cam_params.yaml -> /home/atharv/Desktop/depth_camera/stereo_ws/install/stereo_camera_pkg/share/stereo_camera_pkg/config
creating /home/atharv/Desktop/depth_camera/stereo_ws/install/stereo_camera_pkg/share/stereo_camera_pkg/config/calibration
running install_egg_info
removing '/home/atharv/Desktop/depth_camera/stereo_ws/install/stereo_camera_pkg/lib/python3.12/site-packages/stereo_camera_pkg-0.0.0-py3.12.egg-info' (and everything under it)
Copying ../../build/stereo_camera_pkg/stereo_camera_pkg.egg-info to /home/atharv/Desktop/depth_camera/stereo_ws/install/stereo_camera_pkg/lib/python3.12/site-packages/stereo_camera_pkg-0.0.0-py3.12.egg-info
running install_scripts
Installing stereo_splitter script to /home/atharv/Desktop/depth_camera/stereo_ws/install/stereo_camera_pkg/lib/stereo_camera_pkg
writing list of installed files to '/home/atharv/Desktop/depth_camera/stereo_ws/build/stereo_camera_pkg/install.log'
