[1.650s] Invoking command in '/home/atharv/Desktop/depth_camera/stereo_ws/src/stereo_camera_pkg': DEBUGINFOD_URLS=https://debuginfod.ubuntu.com PYTHONPATH=/home/atharv/Desktop/depth_camera/stereo_ws/build/stereo_camera_pkg/prefix_override:/usr/lib/python3/dist-packages/colcon_core/task/python/colcon_distutils_commands:/home/atharv/Desktop/depth_camera/stereo_ws/install/stereo_camera_pkg/lib/python3.12/site-packages:${PYTHONPATH} /usr/bin/python3 -W ignore:setup.py install is deprecated -W ignore:easy_install command is deprecated setup.py egg_info --egg-base ../../build/stereo_camera_pkg build --build-base /home/atharv/Desktop/depth_camera/stereo_ws/build/stereo_camera_pkg/build install --record /home/atharv/Desktop/depth_camera/stereo_ws/build/stereo_camera_pkg/install.log --install-scripts $base/lib/stereo_camera_pkg --single-version-externally-managed install_data
[2.211s] running egg_info
[2.253s] writing ../../build/stereo_camera_pkg/stereo_camera_pkg.egg-info/PKG-INFO
[2.253s] writing dependency_links to ../../build/stereo_camera_pkg/stereo_camera_pkg.egg-info/dependency_links.txt
[2.253s] writing entry points to ../../build/stereo_camera_pkg/stereo_camera_pkg.egg-info/entry_points.txt
[2.254s] writing requirements to ../../build/stereo_camera_pkg/stereo_camera_pkg.egg-info/requires.txt
[2.254s] writing top-level names to ../../build/stereo_camera_pkg/stereo_camera_pkg.egg-info/top_level.txt
[2.337s] reading manifest file '../../build/stereo_camera_pkg/stereo_camera_pkg.egg-info/SOURCES.txt'
[2.339s] writing manifest file '../../build/stereo_camera_pkg/stereo_camera_pkg.egg-info/SOURCES.txt'
[2.339s] running build
[2.339s] running build_py
[2.339s] running install
[2.350s] running install_lib
[2.393s] running install_data
[2.393s] creating /home/atharv/Desktop/depth_camera/stereo_ws/install/stereo_camera_pkg/share/stereo_camera_pkg/launch
[2.393s] copying launch/stereo_depth.launch.py -> /home/atharv/Desktop/depth_camera/stereo_ws/install/stereo_camera_pkg/share/stereo_camera_pkg/launch
[2.393s] creating /home/atharv/Desktop/depth_camera/stereo_ws/install/stereo_camera_pkg/share/stereo_camera_pkg/config
[2.394s] copying config/usb_cam_params.yaml -> /home/atharv/Desktop/depth_camera/stereo_ws/install/stereo_camera_pkg/share/stereo_camera_pkg/config
[2.394s] creating /home/atharv/Desktop/depth_camera/stereo_ws/install/stereo_camera_pkg/share/stereo_camera_pkg/config/calibration
[2.394s] running install_egg_info
[2.437s] removing '/home/atharv/Desktop/depth_camera/stereo_ws/install/stereo_camera_pkg/lib/python3.12/site-packages/stereo_camera_pkg-0.0.0-py3.12.egg-info' (and everything under it)
[2.437s] Copying ../../build/stereo_camera_pkg/stereo_camera_pkg.egg-info to /home/atharv/Desktop/depth_camera/stereo_ws/install/stereo_camera_pkg/lib/python3.12/site-packages/stereo_camera_pkg-0.0.0-py3.12.egg-info
[2.438s] running install_scripts
[2.662s] Installing stereo_splitter script to /home/atharv/Desktop/depth_camera/stereo_ws/install/stereo_camera_pkg/lib/stereo_camera_pkg
[2.662s] writing list of installed files to '/home/atharv/Desktop/depth_camera/stereo_ws/build/stereo_camera_pkg/install.log'
[2.700s] Invoked command in '/home/atharv/Desktop/depth_camera/stereo_ws/src/stereo_camera_pkg' returned '0': DEBUGINFOD_URLS=https://debuginfod.ubuntu.com PYTHONPATH=/home/atharv/Desktop/depth_camera/stereo_ws/build/stereo_camera_pkg/prefix_override:/usr/lib/python3/dist-packages/colcon_core/task/python/colcon_distutils_commands:/home/atharv/Desktop/depth_camera/stereo_ws/install/stereo_camera_pkg/lib/python3.12/site-packages:${PYTHONPATH} /usr/bin/python3 -W ignore:setup.py install is deprecated -W ignore:easy_install command is deprecated setup.py egg_info --egg-base ../../build/stereo_camera_pkg build --build-base /home/atharv/Desktop/depth_camera/stereo_ws/build/stereo_camera_pkg/build install --record /home/atharv/Desktop/depth_camera/stereo_ws/build/stereo_camera_pkg/install.log --install-scripts $base/lib/stereo_camera_pkg --single-version-externally-managed install_data
