[0.172s] DEBUG:colcon:Command line arguments: ['/usr/bin/colcon', 'build', '--packages-select', 'stereo_camera_pkg']
[0.172s] DEBUG:colcon:Parsed command line arguments: Namespace(log_base=None, log_level=None, verb_name='build', build_base='build', install_base='install', merge_install=False, symlink_install=False, test_result_base=None, continue_on_error=False, executor='parallel', parallel_workers=16, event_handlers=None, ignore_user_meta=False, metas=['./colcon.meta'], base_paths=['.'], packages_ignore=None, packages_ignore_regex=None, paths=None, packages_up_to=None, packages_up_to_regex=None, packages_above=None, packages_above_and_dependencies=None, packages_above_depth=None, packages_select_by_dep=None, packages_skip_by_dep=None, packages_skip_up_to=None, packages_select_build_failed=False, packages_skip_build_finished=False, packages_select_test_failures=False, packages_skip_test_passed=False, packages_select=['stereo_camera_pkg'], packages_skip=None, packages_select_regex=None, packages_skip_regex=None, packages_start=None, packages_end=None, allow_overriding=[], lookup_in_workspace=False, cargo_args=None, clean_build=False, cmake_args=None, cmake_target=None, cmake_target_skip_unavailable=False, cmake_clean_cache=False, cmake_clean_first=False, cmake_force_configure=False, ament_cmake_args=None, catkin_cmake_args=None, catkin_skip_building_tests=False, mixin_files=None, mixin=None, verb_parser=<colcon_mixin.mixin.mixin_argument.MixinArgumentDecorator object at 0x77d298ce0e30>, verb_extension=<colcon_core.verb.build.BuildVerb object at 0x77d298ce06e0>, main=<bound method BuildVerb.main of <colcon_core.verb.build.BuildVerb object at 0x77d298ce06e0>>, mixin_verb=('build',))
[0.274s] Level 1:colcon.colcon_core.package_discovery:discover_packages(colcon_meta) check parameters
[0.275s] Level 1:colcon.colcon_core.package_discovery:discover_packages(recursive) check parameters
[0.275s] Level 1:colcon.colcon_core.package_discovery:discover_packages(ignore) check parameters
[0.275s] Level 1:colcon.colcon_core.package_discovery:discover_packages(path) check parameters
[0.275s] Level 1:colcon.colcon_core.package_discovery:discover_packages(cargo_workspace) check parameters
[0.275s] Level 1:colcon.colcon_core.package_discovery:discover_packages(colcon_meta) discover
[0.275s] Level 1:colcon.colcon_core.package_discovery:discover_packages(recursive) discover
[0.275s] INFO:colcon.colcon_core.package_discovery:Crawling recursively for packages in '/home/atharv/Desktop/depth_camera/stereo_ws'
[0.275s] Level 1:colcon.colcon_core.package_identification:_identify(.) by extensions ['ignore', 'ignore_ament_install']
[0.275s] Level 1:colcon.colcon_core.package_identification:_identify(.) by extension 'ignore'
[0.275s] Level 1:colcon.colcon_core.package_identification:_identify(.) by extension 'ignore_ament_install'
[0.276s] Level 1:colcon.colcon_core.package_identification:_identify(.) by extensions ['cargo_workspace']
[0.276s] Level 1:colcon.colcon_core.package_identification:_identify(.) by extension 'cargo_workspace'
[0.276s] Level 1:colcon.colcon_core.package_identification:_identify(.) by extensions ['colcon_pkg']
[0.276s] Level 1:colcon.colcon_core.package_identification:_identify(.) by extension 'colcon_pkg'
[0.276s] Level 1:colcon.colcon_core.package_identification:_identify(.) by extensions ['colcon_meta']
[0.276s] Level 1:colcon.colcon_core.package_identification:_identify(.) by extension 'colcon_meta'
[0.276s] Level 1:colcon.colcon_core.package_identification:_identify(.) by extensions ['ament_cargo']
[0.276s] Level 1:colcon.colcon_core.package_identification:_identify(.) by extension 'ament_cargo'
[0.276s] Level 1:colcon.colcon_core.package_identification:_identify(.) by extensions ['ros']
[0.276s] Level 1:colcon.colcon_core.package_identification:_identify(.) by extension 'ros'
[0.276s] Level 1:colcon.colcon_core.package_identification:_identify(.) by extensions ['cargo', 'cmake', 'python']
[0.276s] Level 1:colcon.colcon_core.package_identification:_identify(.) by extension 'cargo'
[0.276s] Level 1:colcon.colcon_core.package_identification:_identify(.) by extension 'cmake'
[0.276s] Level 1:colcon.colcon_core.package_identification:_identify(.) by extension 'python'
[0.276s] Level 1:colcon.colcon_core.package_identification:_identify(.) by extensions ['python_setup_py']
[0.276s] Level 1:colcon.colcon_core.package_identification:_identify(.) by extension 'python_setup_py'
[0.276s] Level 1:colcon.colcon_core.package_identification:_identify(build) by extensions ['ignore', 'ignore_ament_install']
[0.277s] Level 1:colcon.colcon_core.package_identification:_identify(build) by extension 'ignore'
[0.277s] Level 1:colcon.colcon_core.package_identification:_identify(build) ignored
[0.277s] Level 1:colcon.colcon_core.package_identification:_identify(install) by extensions ['ignore', 'ignore_ament_install']
[0.277s] Level 1:colcon.colcon_core.package_identification:_identify(install) by extension 'ignore'
[0.277s] Level 1:colcon.colcon_core.package_identification:_identify(install) ignored
[0.277s] Level 1:colcon.colcon_core.package_identification:_identify(log) by extensions ['ignore', 'ignore_ament_install']
[0.277s] Level 1:colcon.colcon_core.package_identification:_identify(log) by extension 'ignore'
[0.277s] Level 1:colcon.colcon_core.package_identification:_identify(log) ignored
[0.278s] Level 1:colcon.colcon_core.package_identification:_identify(src) by extensions ['ignore', 'ignore_ament_install']
[0.278s] Level 1:colcon.colcon_core.package_identification:_identify(src) by extension 'ignore'
[0.278s] Level 1:colcon.colcon_core.package_identification:_identify(src) by extension 'ignore_ament_install'
[0.278s] Level 1:colcon.colcon_core.package_identification:_identify(src) by extensions ['cargo_workspace']
[0.278s] Level 1:colcon.colcon_core.package_identification:_identify(src) by extension 'cargo_workspace'
[0.278s] Level 1:colcon.colcon_core.package_identification:_identify(src) by extensions ['colcon_pkg']
[0.278s] Level 1:colcon.colcon_core.package_identification:_identify(src) by extension 'colcon_pkg'
[0.278s] Level 1:colcon.colcon_core.package_identification:_identify(src) by extensions ['colcon_meta']
[0.278s] Level 1:colcon.colcon_core.package_identification:_identify(src) by extension 'colcon_meta'
[0.278s] Level 1:colcon.colcon_core.package_identification:_identify(src) by extensions ['ament_cargo']
[0.278s] Level 1:colcon.colcon_core.package_identification:_identify(src) by extension 'ament_cargo'
[0.278s] Level 1:colcon.colcon_core.package_identification:_identify(src) by extensions ['ros']
[0.278s] Level 1:colcon.colcon_core.package_identification:_identify(src) by extension 'ros'
[0.278s] Level 1:colcon.colcon_core.package_identification:_identify(src) by extensions ['cargo', 'cmake', 'python']
[0.278s] Level 1:colcon.colcon_core.package_identification:_identify(src) by extension 'cargo'
[0.278s] Level 1:colcon.colcon_core.package_identification:_identify(src) by extension 'cmake'
[0.278s] Level 1:colcon.colcon_core.package_identification:_identify(src) by extension 'python'
[0.278s] Level 1:colcon.colcon_core.package_identification:_identify(src) by extensions ['python_setup_py']
[0.279s] Level 1:colcon.colcon_core.package_identification:_identify(src) by extension 'python_setup_py'
[0.279s] Level 1:colcon.colcon_core.package_identification:_identify(src/stereo_camera_pkg) by extensions ['ignore', 'ignore_ament_install']
[0.279s] Level 1:colcon.colcon_core.package_identification:_identify(src/stereo_camera_pkg) by extension 'ignore'
[0.279s] Level 1:colcon.colcon_core.package_identification:_identify(src/stereo_camera_pkg) by extension 'ignore_ament_install'
[0.279s] Level 1:colcon.colcon_core.package_identification:_identify(src/stereo_camera_pkg) by extensions ['cargo_workspace']
[0.279s] Level 1:colcon.colcon_core.package_identification:_identify(src/stereo_camera_pkg) by extension 'cargo_workspace'
[0.279s] Level 1:colcon.colcon_core.package_identification:_identify(src/stereo_camera_pkg) by extensions ['colcon_pkg']
[0.279s] Level 1:colcon.colcon_core.package_identification:_identify(src/stereo_camera_pkg) by extension 'colcon_pkg'
[0.279s] Level 1:colcon.colcon_core.package_identification:_identify(src/stereo_camera_pkg) by extensions ['colcon_meta']
[0.279s] Level 1:colcon.colcon_core.package_identification:_identify(src/stereo_camera_pkg) by extension 'colcon_meta'
[0.279s] Level 1:colcon.colcon_core.package_identification:_identify(src/stereo_camera_pkg) by extensions ['ament_cargo']
[0.279s] Level 1:colcon.colcon_core.package_identification:_identify(src/stereo_camera_pkg) by extension 'ament_cargo'
[0.283s] Level 1:colcon.colcon_core.package_identification:_identify(src/stereo_camera_pkg) by extensions ['ros']
[0.283s] Level 1:colcon.colcon_core.package_identification:_identify(src/stereo_camera_pkg) by extension 'ros'
[0.284s] DEBUG:colcon.colcon_core.package_identification:Package 'src/stereo_camera_pkg' with type 'ros.ament_python' and name 'stereo_camera_pkg'
[0.284s] Level 1:colcon.colcon_core.package_discovery:discover_packages(recursive) using defaults
[0.284s] Level 1:colcon.colcon_core.package_discovery:discover_packages(ignore) discover
[0.284s] Level 1:colcon.colcon_core.package_discovery:discover_packages(ignore) using defaults
[0.284s] Level 1:colcon.colcon_core.package_discovery:discover_packages(path) discover
[0.284s] Level 1:colcon.colcon_core.package_discovery:discover_packages(path) using defaults
[0.284s] Level 1:colcon.colcon_core.package_discovery:discover_packages(cargo_workspace) discover
[0.284s] Level 1:colcon.colcon_core.package_discovery:discover_packages(cargo_workspace) using defaults
[0.315s] Level 1:colcon.colcon_core.package_discovery:discover_packages(prefix_path) check parameters
[0.315s] Level 1:colcon.colcon_core.package_discovery:discover_packages(prefix_path) discover
[0.317s] DEBUG:colcon.colcon_installed_package_information.package_discovery:Found 1 installed packages in /home/atharv/Desktop/depth_camera/stereo_ws/install
[0.321s] DEBUG:colcon.colcon_installed_package_information.package_discovery:Found 546 installed packages in /opt/ros/jazzy
[0.322s] Level 1:colcon.colcon_core.package_discovery:discover_packages(prefix_path) using defaults
[0.438s] Level 5:colcon.colcon_core.verb:set package 'stereo_camera_pkg' build argument 'lookup_in_workspace' from command line to 'False'
[0.438s] Level 5:colcon.colcon_core.verb:set package 'stereo_camera_pkg' build argument 'cargo_args' from command line to 'None'
[0.438s] Level 5:colcon.colcon_core.verb:set package 'stereo_camera_pkg' build argument 'clean_build' from command line to 'False'
[0.438s] Level 5:colcon.colcon_core.verb:set package 'stereo_camera_pkg' build argument 'cmake_args' from command line to 'None'
[0.438s] Level 5:colcon.colcon_core.verb:set package 'stereo_camera_pkg' build argument 'cmake_target' from command line to 'None'
[0.438s] Level 5:colcon.colcon_core.verb:set package 'stereo_camera_pkg' build argument 'cmake_target_skip_unavailable' from command line to 'False'
[0.438s] Level 5:colcon.colcon_core.verb:set package 'stereo_camera_pkg' build argument 'cmake_clean_cache' from command line to 'False'
[0.438s] Level 5:colcon.colcon_core.verb:set package 'stereo_camera_pkg' build argument 'cmake_clean_first' from command line to 'False'
[0.438s] Level 5:colcon.colcon_core.verb:set package 'stereo_camera_pkg' build argument 'cmake_force_configure' from command line to 'False'
[0.439s] Level 5:colcon.colcon_core.verb:set package 'stereo_camera_pkg' build argument 'ament_cmake_args' from command line to 'None'
[0.439s] Level 5:colcon.colcon_core.verb:set package 'stereo_camera_pkg' build argument 'catkin_cmake_args' from command line to 'None'
[0.439s] Level 5:colcon.colcon_core.verb:set package 'stereo_camera_pkg' build argument 'catkin_skip_building_tests' from command line to 'False'
[0.439s] DEBUG:colcon.colcon_core.verb:Building package 'stereo_camera_pkg' with the following arguments: {'ament_cmake_args': None, 'build_base': '/home/atharv/Desktop/depth_camera/stereo_ws/build/stereo_camera_pkg', 'cargo_args': None, 'catkin_cmake_args': None, 'catkin_skip_building_tests': False, 'clean_build': False, 'cmake_args': None, 'cmake_clean_cache': False, 'cmake_clean_first': False, 'cmake_force_configure': False, 'cmake_target': None, 'cmake_target_skip_unavailable': False, 'install_base': '/home/atharv/Desktop/depth_camera/stereo_ws/install/stereo_camera_pkg', 'lookup_in_workspace': False, 'merge_install': False, 'path': '/home/atharv/Desktop/depth_camera/stereo_ws/src/stereo_camera_pkg', 'symlink_install': False, 'test_result_base': None}
[0.439s] INFO:colcon.colcon_core.executor:Executing jobs using 'parallel' executor
[0.441s] DEBUG:colcon.colcon_parallel_executor.executor.parallel:run_until_complete
[0.441s] INFO:colcon.colcon_ros.task.ament_python.build:Building ROS package in '/home/atharv/Desktop/depth_camera/stereo_ws/src/stereo_camera_pkg' with build type 'ament_python'
[0.441s] Level 1:colcon.colcon_core.shell:create_environment_hook('stereo_camera_pkg', 'ament_prefix_path')
[0.444s] INFO:colcon.colcon_core.plugin_system:Skipping extension 'colcon_core.shell.bat': Not used on non-Windows systems
[0.444s] INFO:colcon.colcon_core.shell:Creating environment hook '/home/atharv/Desktop/depth_camera/stereo_ws/install/stereo_camera_pkg/share/stereo_camera_pkg/hook/ament_prefix_path.ps1'
[0.445s] INFO:colcon.colcon_core.shell:Creating environment descriptor '/home/atharv/Desktop/depth_camera/stereo_ws/install/stereo_camera_pkg/share/stereo_camera_pkg/hook/ament_prefix_path.dsv'
[0.446s] INFO:colcon.colcon_core.shell:Creating environment hook '/home/atharv/Desktop/depth_camera/stereo_ws/install/stereo_camera_pkg/share/stereo_camera_pkg/hook/ament_prefix_path.sh'
[0.447s] INFO:colcon.colcon_core.shell:Skip shell extension 'powershell' for command environment: Not usable outside of PowerShell
[0.447s] DEBUG:colcon.colcon_core.shell:Skip shell extension 'dsv' for command environment
[0.866s] INFO:colcon.colcon_core.task.python.build:Building Python package in '/home/atharv/Desktop/depth_camera/stereo_ws/src/stereo_camera_pkg'
[0.866s] INFO:colcon.colcon_core.shell:Skip shell extension 'powershell' for command environment: Not usable outside of PowerShell
[0.866s] DEBUG:colcon.colcon_core.shell:Skip shell extension 'dsv' for command environment
[2.085s] DEBUG:colcon.colcon_core.task.python.build:Available setuptools commands: install, setopt, upload, check, test, bdist_wheel, symlink_data, clean, init_catalog, bdist_rpm, extract_messages, install_lib, build, egg_info, install_scripts, update_catalog, install_egg_info, dist_info, build_scripts, alias, saveopts, install_headers, editable_wheel, upload_docs, rotate, compile_catalog, build_py, bdist_dumb, easy_install, build_ext, sdist, build_clib, install_data, bdist_egg, develop, register, bdist
[2.092s] DEBUG:colcon.colcon_core.event_handler.log_command:Invoking command in '/home/atharv/Desktop/depth_camera/stereo_ws/src/stereo_camera_pkg': DEBUGINFOD_URLS=https://debuginfod.ubuntu.com PYTHONPATH=/home/atharv/Desktop/depth_camera/stereo_ws/build/stereo_camera_pkg/prefix_override:/usr/lib/python3/dist-packages/colcon_core/task/python/colcon_distutils_commands:/home/atharv/Desktop/depth_camera/stereo_ws/install/stereo_camera_pkg/lib/python3.12/site-packages:${PYTHONPATH} /usr/bin/python3 -W ignore:setup.py install is deprecated -W ignore:easy_install command is deprecated setup.py egg_info --egg-base ../../build/stereo_camera_pkg build --build-base /home/atharv/Desktop/depth_camera/stereo_ws/build/stereo_camera_pkg/build install --record /home/atharv/Desktop/depth_camera/stereo_ws/build/stereo_camera_pkg/install.log --install-scripts $base/lib/stereo_camera_pkg --single-version-externally-managed install_data
[3.141s] DEBUG:colcon.colcon_core.event_handler.log_command:Invoked command in '/home/atharv/Desktop/depth_camera/stereo_ws/src/stereo_camera_pkg' returned '0': DEBUGINFOD_URLS=https://debuginfod.ubuntu.com PYTHONPATH=/home/atharv/Desktop/depth_camera/stereo_ws/build/stereo_camera_pkg/prefix_override:/usr/lib/python3/dist-packages/colcon_core/task/python/colcon_distutils_commands:/home/atharv/Desktop/depth_camera/stereo_ws/install/stereo_camera_pkg/lib/python3.12/site-packages:${PYTHONPATH} /usr/bin/python3 -W ignore:setup.py install is deprecated -W ignore:easy_install command is deprecated setup.py egg_info --egg-base ../../build/stereo_camera_pkg build --build-base /home/atharv/Desktop/depth_camera/stereo_ws/build/stereo_camera_pkg/build install --record /home/atharv/Desktop/depth_camera/stereo_ws/build/stereo_camera_pkg/install.log --install-scripts $base/lib/stereo_camera_pkg --single-version-externally-managed install_data
[3.143s] Level 1:colcon.colcon_core.environment:checking '/home/atharv/Desktop/depth_camera/stereo_ws/install/stereo_camera_pkg' for CMake module files
[3.144s] Level 1:colcon.colcon_core.environment:checking '/home/atharv/Desktop/depth_camera/stereo_ws/install/stereo_camera_pkg' for CMake config files
[3.145s] Level 1:colcon.colcon_core.environment:checking '/home/atharv/Desktop/depth_camera/stereo_ws/install/stereo_camera_pkg/lib'
[3.145s] Level 1:colcon.colcon_core.environment:checking '/home/atharv/Desktop/depth_camera/stereo_ws/install/stereo_camera_pkg/bin'
[3.145s] Level 1:colcon.colcon_core.environment:checking '/home/atharv/Desktop/depth_camera/stereo_ws/install/stereo_camera_pkg/lib/pkgconfig/stereo_camera_pkg.pc'
[3.146s] Level 1:colcon.colcon_core.environment:checking '/home/atharv/Desktop/depth_camera/stereo_ws/install/stereo_camera_pkg/lib/python3.12/site-packages'
[3.146s] Level 1:colcon.colcon_core.shell:create_environment_hook('stereo_camera_pkg', 'pythonpath')
[3.146s] INFO:colcon.colcon_core.shell:Creating environment hook '/home/atharv/Desktop/depth_camera/stereo_ws/install/stereo_camera_pkg/share/stereo_camera_pkg/hook/pythonpath.ps1'
[3.147s] INFO:colcon.colcon_core.shell:Creating environment descriptor '/home/atharv/Desktop/depth_camera/stereo_ws/install/stereo_camera_pkg/share/stereo_camera_pkg/hook/pythonpath.dsv'
[3.147s] INFO:colcon.colcon_core.shell:Creating environment hook '/home/atharv/Desktop/depth_camera/stereo_ws/install/stereo_camera_pkg/share/stereo_camera_pkg/hook/pythonpath.sh'
[3.148s] Level 1:colcon.colcon_core.environment:checking '/home/atharv/Desktop/depth_camera/stereo_ws/install/stereo_camera_pkg/bin'
[3.148s] Level 1:colcon.colcon_core.environment:create_environment_scripts_only(stereo_camera_pkg)
[3.149s] INFO:colcon.colcon_core.shell:Creating package script '/home/atharv/Desktop/depth_camera/stereo_ws/install/stereo_camera_pkg/share/stereo_camera_pkg/package.ps1'
[3.150s] INFO:colcon.colcon_core.shell:Creating package descriptor '/home/atharv/Desktop/depth_camera/stereo_ws/install/stereo_camera_pkg/share/stereo_camera_pkg/package.dsv'
[3.151s] INFO:colcon.colcon_core.shell:Creating package script '/home/atharv/Desktop/depth_camera/stereo_ws/install/stereo_camera_pkg/share/stereo_camera_pkg/package.sh'
[3.153s] INFO:colcon.colcon_core.shell:Creating package script '/home/atharv/Desktop/depth_camera/stereo_ws/install/stereo_camera_pkg/share/stereo_camera_pkg/package.bash'
[3.153s] INFO:colcon.colcon_core.shell:Creating package script '/home/atharv/Desktop/depth_camera/stereo_ws/install/stereo_camera_pkg/share/stereo_camera_pkg/package.zsh'
[3.154s] Level 1:colcon.colcon_core.environment:create_file_with_runtime_dependencies(/home/atharv/Desktop/depth_camera/stereo_ws/install/stereo_camera_pkg/share/colcon-core/packages/stereo_camera_pkg)
[3.155s] DEBUG:colcon.colcon_parallel_executor.executor.parallel:closing loop
[3.155s] DEBUG:colcon.colcon_parallel_executor.executor.parallel:loop closed
[3.155s] DEBUG:colcon.colcon_parallel_executor.executor.parallel:run_until_complete finished with '0'
[3.155s] DEBUG:colcon.colcon_core.event_reactor:joining thread
[3.164s] INFO:colcon.colcon_core.plugin_system:Skipping extension 'colcon_notification.desktop_notification.terminal_notifier': Not used on non-Darwin systems
[3.164s] INFO:colcon.colcon_core.plugin_system:Skipping extension 'colcon_notification.desktop_notification.win32': Not used on non-Windows systems
[3.164s] INFO:colcon.colcon_notification.desktop_notification:Sending desktop notification using 'notify2'
[3.185s] DEBUG:colcon.colcon_core.event_reactor:joined thread
[3.186s] INFO:colcon.colcon_core.shell:Creating prefix script '/home/atharv/Desktop/depth_camera/stereo_ws/install/local_setup.ps1'
[3.187s] INFO:colcon.colcon_core.shell:Creating prefix util module '/home/atharv/Desktop/depth_camera/stereo_ws/install/_local_setup_util_ps1.py'
[3.189s] INFO:colcon.colcon_core.shell:Creating prefix chain script '/home/atharv/Desktop/depth_camera/stereo_ws/install/setup.ps1'
[3.190s] INFO:colcon.colcon_core.shell:Creating prefix script '/home/atharv/Desktop/depth_camera/stereo_ws/install/local_setup.sh'
[3.191s] INFO:colcon.colcon_core.shell:Creating prefix util module '/home/atharv/Desktop/depth_camera/stereo_ws/install/_local_setup_util_sh.py'
[3.192s] INFO:colcon.colcon_core.shell:Creating prefix chain script '/home/atharv/Desktop/depth_camera/stereo_ws/install/setup.sh'
[3.193s] INFO:colcon.colcon_core.shell:Creating prefix script '/home/atharv/Desktop/depth_camera/stereo_ws/install/local_setup.bash'
[3.194s] INFO:colcon.colcon_core.shell:Creating prefix chain script '/home/atharv/Desktop/depth_camera/stereo_ws/install/setup.bash'
[3.195s] INFO:colcon.colcon_core.shell:Creating prefix script '/home/atharv/Desktop/depth_camera/stereo_ws/install/local_setup.zsh'
[3.196s] INFO:colcon.colcon_core.shell:Creating prefix chain script '/home/atharv/Desktop/depth_camera/stereo_ws/install/setup.zsh'
